<?xml version="1.0" encoding="utf-8"?><testsuites name="pytest tests"><testsuite name="pytest" errors="0" failures="1" skipped="0" tests="19" time="38.906" timestamp="2026-06-25T16:37:24.123709+00:00" hostname="agent-env-55a26462-1026-4eec-8812-0bde68b39dcc"><testcase classname="tests.backend_test.TestAuth" name="test_register_and_me" time="0.616"><failure message="AssertionError: assert 'test_user_b1...7@example.com' == 'TEST_user_b1...7@example.com'&#10;  &#10;  - TEST_user_b1031117@example.com&#10;  ? ^^^^&#10;  + test_user_b1031117@example.com&#10;  ? ^^^^">backend/tests/backend_test.py:43: in test_register_and_me
    assert data["email"] == new_user_session.email
E   AssertionError: assert 'test_user_b1...7@example.com' == 'TEST_user_b1...7@example.com'
E     
E     - TEST_user_b1031117@example.com
E     ? ^^^^
E     + test_user_b1031117@example.com
E     ? ^^^^</failure></testcase><testcase classname="tests.backend_test.TestMapCRUD" name="test_create_map" time="0.661" /><testcase classname="tests.backend_test.TestAuth" name="test_register_duplicate" time="0.048" /><testcase classname="tests.backend_test.TestMapCRUD" name="test_list_maps" time="0.088" /><testcase classname="tests.backend_test.TestMapCRUD" name="test_get_map" time="0.054" /><testcase classname="tests.backend_test.TestMapCRUD" name="test_update_map" time="0.310" /><testcase classname="tests.backend_test.TestAuth" name="test_login_admin" time="0.377" /><testcase classname="tests.backend_test.TestAuth" name="test_login_invalid" time="0.358" /><testcase classname="tests.backend_test.TestMapCRUD" name="test_delete_map" time="0.312" /><testcase classname="tests.backend_test.TestMapCRUD" name="test_maps_isolation" time="0.708" /><testcase classname="tests.backend_test.TestAuth" name="test_me_requires_auth" time="0.146" /><testcase classname="tests.backend_test.TestAuth" name="test_logout" time="0.618" /><testcase classname="tests.backend_test.TestMapCRUD" name="test_maps_unauth" time="0.102" /><testcase classname="tests.backend_test.TestExamples" name="test_examples_unauth_ok" time="0.100" /><testcase classname="tests.backend_test.TestAI" name="test_opposing_requires_auth" time="0.139" /><testcase classname="tests.backend_test.TestAI" name="test_opposing" time="2.804" /><testcase classname="tests.backend_test.TestAI" name="test_concerns" time="7.026" /><testcase classname="tests.backend_test.TestAI" name="test_needs" time="2.680" /><testcase classname="tests.backend_test.TestAI" name="test_solutions" time="23.462" /></testsuite></testsuites>